sep 19, 2023 9:57:27 A. M. MotorTISA checkConnection
FINE: conexion realizada
sep 19, 2023 10:29:00 A. M. MotorTISA checkConnection
FINE: conexion realizada
sep 19, 2023 10:29:20 A. M. MotorTISA$5 doInBackground
SEVERE: null
java.sql.BatchUpdateException: Infracción de la restricción PRIMARY KEY 'PK_tblDescargasPagaBus'. No se puede insertar una clave duplicada en el objeto 'avl.tblDescargasPagaBus'. El valor de la clave duplicada es (110803669).
	at com.microsoft.sqlserver.jdbc.SQLServerPreparedStatement.executeBatch(SQLServerPreparedStatement.java:2231)
	at MotorTISA$5.doInBackground(MotorTISA.java:624)
	at java.desktop/javax.swing.SwingWorker$1.call(SwingWorker.java:304)
	at java.base/java.util.concurrent.FutureTask.run(FutureTask.java:264)
	at java.desktop/javax.swing.SwingWorker.run(SwingWorker.java:343)
	at java.base/java.util.concurrent.ThreadPoolExecutor.runWorker(ThreadPoolExecutor.java:1128)
	at java.base/java.util.concurrent.ThreadPoolExecutor$Worker.run(ThreadPoolExecutor.java:628)
	at java.base/java.lang.Thread.run(Thread.java:834)

sep 19, 2023 10:29:57 A. M. MotorTISA checkConnection
FINE: conexion realizada
sep 19, 2023 10:30:49 A. M. MotorTISA checkConnection
FINE: conexion realizada
sep 19, 2023 10:36:37 A. M. MotorTISA checkConnection
FINE: conexion realizada
sep 19, 2023 10:43:41 A. M. MotorTISA checkConnection
FINE: conexion realizada
sep 19, 2023 10:43:55 A. M. MotorTISA$5 doInBackground
SEVERE: null
java.sql.BatchUpdateException: Infracción de la restricción PRIMARY KEY 'PK_tblDescargasPagaBus'. No se puede insertar una clave duplicada en el objeto 'avl.tblDescargasPagaBus'. El valor de la clave duplicada es (110803669).
	at com.microsoft.sqlserver.jdbc.SQLServerPreparedStatement.executeBatch(SQLServerPreparedStatement.java:2231)
	at MotorTISA$5.doInBackground(MotorTISA.java:624)
	at java.desktop/javax.swing.SwingWorker$1.call(SwingWorker.java:304)
	at java.base/java.util.concurrent.FutureTask.run(FutureTask.java:264)
	at java.desktop/javax.swing.SwingWorker.run(SwingWorker.java:343)
	at java.base/java.util.concurrent.ThreadPoolExecutor.runWorker(ThreadPoolExecutor.java:1128)
	at java.base/java.util.concurrent.ThreadPoolExecutor$Worker.run(ThreadPoolExecutor.java:628)
	at java.base/java.lang.Thread.run(Thread.java:834)

sep 19, 2023 10:44:32 A. M. MotorTISA checkConnection
FINE: conexion realizada
sep 19, 2023 10:54:20 A. M. MotorTISA checkConnection
FINE: conexion realizada
sep 19, 2023 11:01:28 A. M. MotorTISA checkConnection
FINE: conexion realizada
sep 19, 2023 11:12:34 A. M. MotorTISA checkConnection
FINE: conexion realizada
sep 19, 2023 11:18:49 A. M. MotorTISA checkConnection
FINE: conexion realizada
sep 19, 2023 11:22:18 A. M. MotorTISA checkConnection
FINE: conexion realizada
sep 19, 2023 11:28:41 A. M. MotorTISA checkConnection
FINE: conexion realizada
sep 19, 2023 11:32:29 A. M. MotorTISA checkConnection
FINE: conexion realizada
sep 19, 2023 12:03:36 P. M. MotorTISA checkConnection
FINE: conexion realizada
sep 19, 2023 12:08:22 P. M. MotorTISA checkConnection
FINE: conexion realizada
sep 19, 2023 1:24:23 P. M. MotorTISA checkConnection
FINE: conexion realizada
sep 19, 2023 1:28:13 P. M. MotorTISA$4 doInBackground
SEVERE: null
com.microsoft.sqlserver.jdbc.SQLServerException: El nombre de columna id_shift no es válido.
	at com.microsoft.sqlserver.jdbc.SQLServerException.makeFromDriverError(SQLServerException.java:231)
	at com.microsoft.sqlserver.jdbc.SQLServerResultSet.findColumn(SQLServerResultSet.java:748)
	at com.microsoft.sqlserver.jdbc.SQLServerResultSet.getLong(SQLServerResultSet.java:2410)
	at MotorTISA$4.doInBackground(MotorTISA.java:281)
	at java.desktop/javax.swing.SwingWorker$1.call(SwingWorker.java:304)
	at java.base/java.util.concurrent.FutureTask.run(FutureTask.java:264)
	at java.desktop/javax.swing.SwingWorker.run(SwingWorker.java:343)
	at java.base/java.util.concurrent.ThreadPoolExecutor.runWorker(ThreadPoolExecutor.java:1128)
	at java.base/java.util.concurrent.ThreadPoolExecutor$Worker.run(ThreadPoolExecutor.java:628)
	at java.base/java.lang.Thread.run(Thread.java:834)

sep 19, 2023 1:34:17 P. M. MotorTISA checkConnection
FINE: conexion realizada
sep 19, 2023 1:48:48 P. M. MotorTISA checkConnection
FINE: conexion realizada
sep 19, 2023 1:55:00 P. M. MotorTISA checkConnection
FINE: conexion realizada
sep 19, 2023 2:02:55 P. M. MotorTISA checkConnection
FINE: conexion realizada
sep 19, 2023 2:25:40 P. M. MotorTISA checkConnection
FINE: conexion realizada
sep 19, 2023 2:38:57 P. M. MotorTISA checkConnection
FINE: conexion realizada
sep 19, 2023 2:42:34 P. M. MotorTISA checkConnection
FINE: conexion realizada
sep 19, 2023 2:45:51 P. M. MotorTISA checkConnection
FINE: conexion realizada
sep 19, 2023 2:51:33 P. M. MotorTISA checkConnection
FINE: conexion realizada
sep 19, 2023 2:58:00 P. M. LogViewer jButton1ActionPerformed
SEVERE: null
java.lang.NullPointerException
	at LogViewer.jButton1ActionPerformed(LogViewer.java:128)
	at LogViewer$2.actionPerformed(LogViewer.java:88)
	at java.desktop/javax.swing.AbstractButton.fireActionPerformed(AbstractButton.java:1967)
	at java.desktop/javax.swing.AbstractButton$Handler.actionPerformed(AbstractButton.java:2308)
	at java.desktop/javax.swing.DefaultButtonModel.fireActionPerformed(DefaultButtonModel.java:405)
	at java.desktop/javax.swing.DefaultButtonModel.setPressed(DefaultButtonModel.java:262)
	at java.desktop/javax.swing.plaf.basic.BasicButtonListener.mouseReleased(BasicButtonListener.java:279)
	at java.desktop/java.awt.Component.processMouseEvent(Component.java:6635)
	at java.desktop/javax.swing.JComponent.processMouseEvent(JComponent.java:3342)
	at java.desktop/java.awt.Component.processEvent(Component.java:6400)
	at java.desktop/java.awt.Container.processEvent(Container.java:2263)
	at java.desktop/java.awt.Component.dispatchEventImpl(Component.java:5011)
	at java.desktop/java.awt.Container.dispatchEventImpl(Container.java:2321)
	at java.desktop/java.awt.Component.dispatchEvent(Component.java:4843)
	at java.desktop/java.awt.LightweightDispatcher.retargetMouseEvent(Container.java:4918)
	at java.desktop/java.awt.LightweightDispatcher.processMouseEvent(Container.java:4547)
	at java.desktop/java.awt.LightweightDispatcher.dispatchEvent(Container.java:4488)
	at java.desktop/java.awt.Container.dispatchEventImpl(Container.java:2307)
	at java.desktop/java.awt.Window.dispatchEventImpl(Window.java:2772)
	at java.desktop/java.awt.Component.dispatchEvent(Component.java:4843)
	at java.desktop/java.awt.EventQueue.dispatchEventImpl(EventQueue.java:772)
	at java.desktop/java.awt.EventQueue$4.run(EventQueue.java:721)
	at java.desktop/java.awt.EventQueue$4.run(EventQueue.java:715)
	at java.base/java.security.AccessController.doPrivileged(Native Method)
	at java.base/java.security.ProtectionDomain$JavaSecurityAccessImpl.doIntersectionPrivilege(ProtectionDomain.java:85)
	at java.base/java.security.ProtectionDomain$JavaSecurityAccessImpl.doIntersectionPrivilege(ProtectionDomain.java:95)
	at java.desktop/java.awt.EventQueue$5.run(EventQueue.java:745)
	at java.desktop/java.awt.EventQueue$5.run(EventQueue.java:743)
	at java.base/java.security.AccessController.doPrivileged(Native Method)
	at java.base/java.security.ProtectionDomain$JavaSecurityAccessImpl.doIntersectionPrivilege(ProtectionDomain.java:85)
	at java.desktop/java.awt.EventQueue.dispatchEvent(EventQueue.java:742)
	at java.desktop/java.awt.EventDispatchThread.pumpOneEventForFilters(EventDispatchThread.java:203)
	at java.desktop/java.awt.EventDispatchThread.pumpEventsForFilter(EventDispatchThread.java:124)
	at java.desktop/java.awt.EventDispatchThread.pumpEventsForHierarchy(EventDispatchThread.java:113)
	at java.desktop/java.awt.EventDispatchThread.pumpEvents(EventDispatchThread.java:109)
	at java.desktop/java.awt.EventDispatchThread.pumpEvents(EventDispatchThread.java:101)
	at java.desktop/java.awt.EventDispatchThread.run(EventDispatchThread.java:90)

sep 19, 2023 3:08:43 P. M. MotorTISA checkConnection
FINE: conexion realizada
sep 19, 2023 3:08:57 P. M. MotorTISA checkConnection
FINE: conexion realizada
sep 19, 2023 3:32:26 P. M. MotorTISA checkConnection
FINE: conexion realizada
sep 19, 2023 3:59:22 P. M. MotorTISA checkConnection
FINE: conexion realizada
sep 19, 2023 5:50:09 P. M. MotorTISA checkConnection
FINE: conexion realizada
sep 19, 2023 5:57:25 P. M. MotorTISA checkConnection
FINE: conexion realizada
sep 19, 2023 6:00:38 P. M. MotorTISA checkConnection
FINE: conexion realizada
sep 19, 2023 6:03:07 P. M. MotorTISA checkConnection
FINE: conexion realizada
sep 19, 2023 6:03:25 P. M. MotorTISA checkConnection
FINE: conexion realizada
sep 19, 2023 6:09:39 P. M. MotorTISA checkConnection
FINE: conexion realizada
sep 19, 2023 6:15:49 P. M. MotorTISA$5 doInBackground
SEVERE: null
java.sql.BatchUpdateException: Infracción de la restricción PRIMARY KEY 'PK_tblDescargasPagaBus'. No se puede insertar una clave duplicada en el objeto 'avl.tblDescargasPagaBus'. El valor de la clave duplicada es (110803669).
	at com.microsoft.sqlserver.jdbc.SQLServerPreparedStatement.executeBatch(SQLServerPreparedStatement.java:2231)
	at MotorTISA$5.doInBackground(MotorTISA.java:690)
	at java.desktop/javax.swing.SwingWorker$1.call(SwingWorker.java:304)
	at java.base/java.util.concurrent.FutureTask.run(FutureTask.java:264)
	at java.desktop/javax.swing.SwingWorker.run(SwingWorker.java:343)
	at java.base/java.util.concurrent.ThreadPoolExecutor.runWorker(ThreadPoolExecutor.java:1128)
	at java.base/java.util.concurrent.ThreadPoolExecutor$Worker.run(ThreadPoolExecutor.java:628)
	at java.base/java.lang.Thread.run(Thread.java:834)

sep 19, 2023 6:19:36 P. M. MotorTISA checkConnection
FINE: conexion realizada
sep 19, 2023 6:26:03 P. M. MotorTISA checkConnection
FINE: conexion realizada
sep 19, 2023 6:27:54 P. M. MotorTISA checkConnection
FINE: conexion realizada
sep 19, 2023 6:29:50 P. M. MotorTISA checkConnection
FINE: conexion realizada
sep 19, 2023 6:32:02 P. M. MotorTISA checkConnection
FINE: conexion realizada
sep 19, 2023 6:33:44 P. M. MotorTISA checkConnection
FINE: conexion realizada
