sep 20, 2023 9:39:54 A. M. MotorTISA checkConnection
FINE: conexion realizada
sep 20, 2023 9:52:47 A. M. MotorTISA checkConnection
FINE: conexion realizada
sep 20, 2023 9:56:37 A. M. MotorTISA checkConnection
FINE: conexion realizada
sep 20, 2023 9:59:42 A. M. MotorTISA checkConnection
FINE: conexion realizada
sep 20, 2023 10:02:57 A. M. MotorTISA checkConnection
FINE: conexion realizada
sep 20, 2023 10:03:54 A. M. MotorTISA checkConnection
FINE: conexion realizada
sep 20, 2023 10:04:19 A. M. MotorTISA checkConnection
FINE: conexion realizada
sep 20, 2023 10:16:28 A. M. MotorTISA checkConnection
FINE: conexion realizada
sep 20, 2023 10:18:34 A. M. MotorTISA checkConnection
FINE: conexion realizada
sep 20, 2023 10:49:41 A. M. MotorTISA checkConnection
FINE: conexion realizada
sep 20, 2023 10:51:02 A. M. MotorTISA checkConnection
FINE: conexion realizada
sep 20, 2023 12:20:23 P. M. MotorTISA checkConnection
FINE: conexion realizada
sep 20, 2023 2:11:56 P. M. MotorTISA checkConnection
FINE: conexion realizada
sep 20, 2023 2:21:19 P. M. MotorTISA checkConnection
FINE: conexion realizada
sep 20, 2023 2:44:44 P. M. MotorTISA checkConnection
FINE: conexion realizada
sep 20, 2023 3:09:03 P. M. MotorTISA checkConnection
FINE: conexion realizada
sep 20, 2023 3:17:54 P. M. MotorTISA checkConnection
FINE: conexion realizada
sep 20, 2023 3:26:59 P. M. MotorTISA checkConnection
FINE: conexion realizada
sep 20, 2023 3:27:25 P. M. MotorTISA$5 doInBackground
SEVERE: null
java.sql.BatchUpdateException: Infracci贸n de la restricci贸n PRIMARY KEY 'PK_tblDescargasPagaBus'. No se puede insertar una clave duplicada en el objeto 'avl.tblDescargasPagaBus'. El valor de la clave duplicada es (110803669).
	at com.microsoft.sqlserver.jdbc.SQLServerPreparedStatement.executeBatch(SQLServerPreparedStatement.java:2231)
	at MotorTISA$5.doInBackground(MotorTISA.java:685)
	at java.desktop/javax.swing.SwingWorker$1.call(SwingWorker.java:304)
	at java.base/java.util.concurrent.FutureTask.run(FutureTask.java:264)
	at java.desktop/javax.swing.SwingWorker.run(SwingWorker.java:343)
	at java.base/java.util.concurrent.ThreadPoolExecutor.runWorker(ThreadPoolExecutor.java:1128)
	at java.base/java.util.concurrent.ThreadPoolExecutor$Worker.run(ThreadPoolExecutor.java:628)
	at java.base/java.lang.Thread.run(Thread.java:834)

sep 20, 2023 3:28:29 P. M. MotorTISA checkConnection
FINE: conexion realizada
sep 20, 2023 3:28:51 P. M. MotorTISA checkConnection
FINE: conexion realizada
sep 20, 2023 3:34:58 P. M. MotorTISA checkConnection
FINE: conexion realizada
sep 20, 2023 3:35:19 P. M. MotorTISA checkConnection
FINE: conexion realizada
sep 20, 2023 3:49:43 P. M. MotorTISA checkConnection
FINE: conexion realizada
sep 20, 2023 3:56:17 P. M. MotorTISA checkConnection
FINE: conexion realizada
sep 20, 2023 3:56:44 P. M. MotorTISA$5 doInBackground
SEVERE: null
java.sql.BatchUpdateException: Infracci贸n de la restricci贸n PRIMARY KEY 'PK_tblDescargasPagaBus'. No se puede insertar una clave duplicada en el objeto 'avl.tblDescargasPagaBus'. El valor de la clave duplicada es (110803669).
	at com.microsoft.sqlserver.jdbc.SQLServerPreparedStatement.executeBatch(SQLServerPreparedStatement.java:2231)
	at MotorTISA$5.doInBackground(MotorTISA.java:680)
	at java.desktop/javax.swing.SwingWorker$1.call(SwingWorker.java:304)
	at java.base/java.util.concurrent.FutureTask.run(FutureTask.java:264)
	at java.desktop/javax.swing.SwingWorker.run(SwingWorker.java:343)
	at java.base/java.util.concurrent.ThreadPoolExecutor.runWorker(ThreadPoolExecutor.java:1128)
	at java.base/java.util.concurrent.ThreadPoolExecutor$Worker.run(ThreadPoolExecutor.java:628)
	at java.base/java.lang.Thread.run(Thread.java:834)

sep 20, 2023 3:57:00 P. M. MotorTISA checkConnection
FINE: conexion realizada
sep 20, 2023 4:11:18 P. M. MotorTISA checkConnection
FINE: conexion realizada
sep 20, 2023 4:18:55 P. M. MotorTISA checkConnection
FINE: conexion realizada
sep 20, 2023 4:20:05 P. M. MotorTISA checkConnection
FINE: conexion realizada
sep 20, 2023 4:40:22 P. M. MotorTISA checkConnection
FINE: conexion realizada
sep 20, 2023 4:41:43 P. M. MotorTISA checkConnection
FINE: conexion realizada
sep 20, 2023 4:52:35 P. M. MotorTISA checkConnection
FINE: conexion realizada
sep 20, 2023 4:56:08 P. M. MotorTISA checkConnection
FINE: conexion realizada
sep 20, 2023 4:56:41 P. M. MotorTISA checkConnection
FINE: conexion realizada
sep 20, 2023 7:03:44 P. M. MotorTISA checkConnection
FINE: conexion realizada
sep 20, 2023 7:07:35 P. M. MotorTISA checkConnection
FINE: conexion realizada
sep 20, 2023 7:08:15 P. M. MotorTISA checkConnection
FINE: conexion realizada
sep 20, 2023 7:08:41 P. M. MotorTISA checkConnection
FINE: conexion realizada
sep 20, 2023 7:09:47 P. M. MotorTISA checkConnection
FINE: conexion realizada
sep 20, 2023 7:10:05 P. M. MotorTISA checkConnection
FINE: conexion realizada
sep 20, 2023 7:10:33 P. M. MotorTISA checkConnection
FINE: conexion realizada
sep 20, 2023 7:11:01 P. M. MotorTISA checkConnection
FINE: conexion realizada
sep 20, 2023 7:11:52 P. M. MotorTISA checkConnection
FINE: conexion realizada
sep 20, 2023 7:12:25 P. M. MotorTISA checkConnection
FINE: conexion realizada
sep 20, 2023 7:13:01 P. M. MotorTISA checkConnection
FINE: conexion realizada
sep 20, 2023 7:23:31 P. M. MotorTISA checkConnection
FINE: conexion realizada
sep 20, 2023 7:23:58 P. M. MotorTISA checkConnection
FINE: conexion realizada
sep 20, 2023 7:25:00 P. M. MotorTISA checkConnection
FINE: conexion realizada
sep 20, 2023 7:25:19 P. M. MotorTISA checkConnection
FINE: conexion realizada
sep 20, 2023 7:26:59 P. M. MotorTISA checkConnection
FINE: conexion realizada
