sep 28, 2023 11:15:35 A. M. MotorTISA checkConnection
FINE: conexion realizada
sep 28, 2023 11:21:05 A. M. MotorTISA checkConnection
FINE: conexion realizada
sep 28, 2023 11:24:45 A. M. MotorTISA checkConnection
FINE: conexion realizada
sep 28, 2023 11:34:15 A. M. MotorTISA checkConnection
FINE: conexion realizada
sep 28, 2023 11:34:53 A. M. MotorTISA$7 doInBackground
SEVERE: null
java.sql.BatchUpdateException: Infracción de la restricción PRIMARY KEY 'PK_tblDescargasPagaBus'. No se puede insertar una clave duplicada en el objeto 'avl.tblDescargasPagaBus'. El valor de la clave duplicada es (125783302).
	at com.microsoft.sqlserver.jdbc.SQLServerPreparedStatement.executeBatch(SQLServerPreparedStatement.java:2231)
	at MotorTISA$7.doInBackground(MotorTISA.java:625)
	at java.desktop/javax.swing.SwingWorker$1.call(SwingWorker.java:304)
	at java.base/java.util.concurrent.FutureTask.run(FutureTask.java:264)
	at java.desktop/javax.swing.SwingWorker.run(SwingWorker.java:343)
	at java.base/java.util.concurrent.ThreadPoolExecutor.runWorker(ThreadPoolExecutor.java:1128)
	at java.base/java.util.concurrent.ThreadPoolExecutor$Worker.run(ThreadPoolExecutor.java:628)
	at java.base/java.lang.Thread.run(Thread.java:834)

sep 28, 2023 11:44:02 A. M. MotorTISA checkConnection
FINE: conexion realizada
sep 28, 2023 11:48:03 A. M. MotorTISA checkConnection
FINE: conexion realizada
sep 28, 2023 11:49:33 A. M. MotorTISA checkConnection
FINE: conexion realizada
sep 28, 2023 11:50:12 A. M. MotorTISA$7 doInBackground
SEVERE: null
java.sql.BatchUpdateException: Infracción de la restricción PRIMARY KEY 'PK_tblDescargasPagaBus'. No se puede insertar una clave duplicada en el objeto 'avl.tblDescargasPagaBus'. El valor de la clave duplicada es (125783302).
	at com.microsoft.sqlserver.jdbc.SQLServerPreparedStatement.executeBatch(SQLServerPreparedStatement.java:2231)
	at MotorTISA$7.doInBackground(MotorTISA.java:625)
	at java.desktop/javax.swing.SwingWorker$1.call(SwingWorker.java:304)
	at java.base/java.util.concurrent.FutureTask.run(FutureTask.java:264)
	at java.desktop/javax.swing.SwingWorker.run(SwingWorker.java:343)
	at java.base/java.util.concurrent.ThreadPoolExecutor.runWorker(ThreadPoolExecutor.java:1128)
	at java.base/java.util.concurrent.ThreadPoolExecutor$Worker.run(ThreadPoolExecutor.java:628)
	at java.base/java.lang.Thread.run(Thread.java:834)

sep 28, 2023 12:02:06 P. M. MotorTISA checkConnection
FINE: conexion realizada
sep 28, 2023 12:02:46 P. M. MotorTISA$7 doInBackground
SEVERE: null
java.sql.BatchUpdateException: Infracción de la restricción PRIMARY KEY 'PK_tblDescargasPagaBus'. No se puede insertar una clave duplicada en el objeto 'avl.tblDescargasPagaBus'. El valor de la clave duplicada es (125783302).
	at com.microsoft.sqlserver.jdbc.SQLServerPreparedStatement.executeBatch(SQLServerPreparedStatement.java:2231)
	at MotorTISA$7.doInBackground(MotorTISA.java:625)
	at java.desktop/javax.swing.SwingWorker$1.call(SwingWorker.java:304)
	at java.base/java.util.concurrent.FutureTask.run(FutureTask.java:264)
	at java.desktop/javax.swing.SwingWorker.run(SwingWorker.java:343)
	at java.base/java.util.concurrent.ThreadPoolExecutor.runWorker(ThreadPoolExecutor.java:1128)
	at java.base/java.util.concurrent.ThreadPoolExecutor$Worker.run(ThreadPoolExecutor.java:628)
	at java.base/java.lang.Thread.run(Thread.java:834)

sep 28, 2023 12:03:16 P. M. MotorTISA checkConnection
FINE: conexion realizada
sep 28, 2023 12:03:53 P. M. MotorTISA$7 doInBackground
SEVERE: null
java.sql.BatchUpdateException: Infracción de la restricción PRIMARY KEY 'PK_tblDescargasPagaBus'. No se puede insertar una clave duplicada en el objeto 'avl.tblDescargasPagaBus'. El valor de la clave duplicada es (125783302).
	at com.microsoft.sqlserver.jdbc.SQLServerPreparedStatement.executeBatch(SQLServerPreparedStatement.java:2231)
	at MotorTISA$7.doInBackground(MotorTISA.java:625)
	at java.desktop/javax.swing.SwingWorker$1.call(SwingWorker.java:304)
	at java.base/java.util.concurrent.FutureTask.run(FutureTask.java:264)
	at java.desktop/javax.swing.SwingWorker.run(SwingWorker.java:343)
	at java.base/java.util.concurrent.ThreadPoolExecutor.runWorker(ThreadPoolExecutor.java:1128)
	at java.base/java.util.concurrent.ThreadPoolExecutor$Worker.run(ThreadPoolExecutor.java:628)
	at java.base/java.lang.Thread.run(Thread.java:834)

sep 28, 2023 12:04:51 P. M. MotorTISA checkConnection
FINE: conexion realizada
sep 28, 2023 12:05:26 P. M. MotorTISA$7 doInBackground
SEVERE: null
java.sql.BatchUpdateException: Infracción de la restricción PRIMARY KEY 'PK_tblDescargasPagaBus'. No se puede insertar una clave duplicada en el objeto 'avl.tblDescargasPagaBus'. El valor de la clave duplicada es (125783302).
	at com.microsoft.sqlserver.jdbc.SQLServerPreparedStatement.executeBatch(SQLServerPreparedStatement.java:2231)
	at MotorTISA$7.doInBackground(MotorTISA.java:625)
	at java.desktop/javax.swing.SwingWorker$1.call(SwingWorker.java:304)
	at java.base/java.util.concurrent.FutureTask.run(FutureTask.java:264)
	at java.desktop/javax.swing.SwingWorker.run(SwingWorker.java:343)
	at java.base/java.util.concurrent.ThreadPoolExecutor.runWorker(ThreadPoolExecutor.java:1128)
	at java.base/java.util.concurrent.ThreadPoolExecutor$Worker.run(ThreadPoolExecutor.java:628)
	at java.base/java.lang.Thread.run(Thread.java:834)

sep 28, 2023 12:06:04 P. M. MotorTISA checkConnection
FINE: conexion realizada
sep 28, 2023 12:06:47 P. M. MotorTISA checkConnection
FINE: conexion realizada
sep 28, 2023 12:07:25 P. M. MotorTISA$7 doInBackground
SEVERE: null
java.sql.BatchUpdateException: Infracción de la restricción PRIMARY KEY 'PK_tblDescargasPagaBus'. No se puede insertar una clave duplicada en el objeto 'avl.tblDescargasPagaBus'. El valor de la clave duplicada es (125783302).
	at com.microsoft.sqlserver.jdbc.SQLServerPreparedStatement.executeBatch(SQLServerPreparedStatement.java:2231)
	at MotorTISA$7.doInBackground(MotorTISA.java:625)
	at java.desktop/javax.swing.SwingWorker$1.call(SwingWorker.java:304)
	at java.base/java.util.concurrent.FutureTask.run(FutureTask.java:264)
	at java.desktop/javax.swing.SwingWorker.run(SwingWorker.java:343)
	at java.base/java.util.concurrent.ThreadPoolExecutor.runWorker(ThreadPoolExecutor.java:1128)
	at java.base/java.util.concurrent.ThreadPoolExecutor$Worker.run(ThreadPoolExecutor.java:628)
	at java.base/java.lang.Thread.run(Thread.java:834)

sep 28, 2023 12:12:34 P. M. MotorTISA checkConnection
FINE: conexion realizada
sep 28, 2023 12:26:14 P. M. MotorTISA checkConnection
FINE: conexion realizada
sep 28, 2023 12:26:50 P. M. MotorTISA$7 doInBackground
SEVERE: null
java.sql.BatchUpdateException: Infracción de la restricción PRIMARY KEY 'PK_tblDescargasPagaBus'. No se puede insertar una clave duplicada en el objeto 'avl.tblDescargasPagaBus'. El valor de la clave duplicada es (125783302).
	at com.microsoft.sqlserver.jdbc.SQLServerPreparedStatement.executeBatch(SQLServerPreparedStatement.java:2231)
	at MotorTISA$7.doInBackground(MotorTISA.java:625)
	at java.desktop/javax.swing.SwingWorker$1.call(SwingWorker.java:304)
	at java.base/java.util.concurrent.FutureTask.run(FutureTask.java:264)
	at java.desktop/javax.swing.SwingWorker.run(SwingWorker.java:343)
	at java.base/java.util.concurrent.ThreadPoolExecutor.runWorker(ThreadPoolExecutor.java:1128)
	at java.base/java.util.concurrent.ThreadPoolExecutor$Worker.run(ThreadPoolExecutor.java:628)
	at java.base/java.lang.Thread.run(Thread.java:834)

sep 28, 2023 12:32:46 P. M. MotorTISA checkConnection
FINE: conexion realizada
sep 28, 2023 12:33:22 P. M. MotorTISA$7 doInBackground
SEVERE: null
java.sql.BatchUpdateException: Infracción de la restricción PRIMARY KEY 'PK_tblDescargasPagaBus'. No se puede insertar una clave duplicada en el objeto 'avl.tblDescargasPagaBus'. El valor de la clave duplicada es (125783302).
	at com.microsoft.sqlserver.jdbc.SQLServerPreparedStatement.executeBatch(SQLServerPreparedStatement.java:2231)
	at MotorTISA$7.doInBackground(MotorTISA.java:625)
	at java.desktop/javax.swing.SwingWorker$1.call(SwingWorker.java:304)
	at java.base/java.util.concurrent.FutureTask.run(FutureTask.java:264)
	at java.desktop/javax.swing.SwingWorker.run(SwingWorker.java:343)
	at java.base/java.util.concurrent.ThreadPoolExecutor.runWorker(ThreadPoolExecutor.java:1128)
	at java.base/java.util.concurrent.ThreadPoolExecutor$Worker.run(ThreadPoolExecutor.java:628)
	at java.base/java.lang.Thread.run(Thread.java:834)

sep 28, 2023 12:39:57 P. M. MotorTISA checkConnection
FINE: conexion realizada
sep 28, 2023 12:41:25 P. M. MotorTISA checkConnection
FINE: conexion realizada
sep 28, 2023 12:41:57 P. M. MotorTISA$7 doInBackground
SEVERE: null
java.sql.BatchUpdateException: Infracción de la restricción PRIMARY KEY 'PK_tblDescargasPagaBus'. No se puede insertar una clave duplicada en el objeto 'avl.tblDescargasPagaBus'. El valor de la clave duplicada es (125783302).
	at com.microsoft.sqlserver.jdbc.SQLServerPreparedStatement.executeBatch(SQLServerPreparedStatement.java:2231)
	at MotorTISA$7.doInBackground(MotorTISA.java:625)
	at java.desktop/javax.swing.SwingWorker$1.call(SwingWorker.java:304)
	at java.base/java.util.concurrent.FutureTask.run(FutureTask.java:264)
	at java.desktop/javax.swing.SwingWorker.run(SwingWorker.java:343)
	at java.base/java.util.concurrent.ThreadPoolExecutor.runWorker(ThreadPoolExecutor.java:1128)
	at java.base/java.util.concurrent.ThreadPoolExecutor$Worker.run(ThreadPoolExecutor.java:628)
	at java.base/java.lang.Thread.run(Thread.java:834)

sep 28, 2023 12:44:33 P. M. MotorTISA checkConnection
FINE: conexion realizada
sep 28, 2023 12:45:38 P. M. MotorTISA$7 doInBackground
SEVERE: null
java.sql.BatchUpdateException: Infracción de la restricción PRIMARY KEY 'PK_tblDescargasPagaBus'. No se puede insertar una clave duplicada en el objeto 'avl.tblDescargasPagaBus'. El valor de la clave duplicada es (125783302).
	at com.microsoft.sqlserver.jdbc.SQLServerPreparedStatement.executeBatch(SQLServerPreparedStatement.java:2231)
	at MotorTISA$7.doInBackground(MotorTISA.java:625)
	at java.desktop/javax.swing.SwingWorker$1.call(SwingWorker.java:304)
	at java.base/java.util.concurrent.FutureTask.run(FutureTask.java:264)
	at java.desktop/javax.swing.SwingWorker.run(SwingWorker.java:343)
	at java.base/java.util.concurrent.ThreadPoolExecutor.runWorker(ThreadPoolExecutor.java:1128)
	at java.base/java.util.concurrent.ThreadPoolExecutor$Worker.run(ThreadPoolExecutor.java:628)
	at java.base/java.lang.Thread.run(Thread.java:834)

sep 28, 2023 12:57:41 P. M. MotorTISA checkConnection
FINE: conexion realizada
sep 28, 2023 12:58:50 P. M. MotorTISA checkConnection
FINE: conexion realizada
sep 28, 2023 12:59:23 P. M. MotorTISA$7 doInBackground
SEVERE: null
java.sql.BatchUpdateException: Infracción de la restricción PRIMARY KEY 'PK_tblDescargasPagaBus'. No se puede insertar una clave duplicada en el objeto 'avl.tblDescargasPagaBus'. El valor de la clave duplicada es (125783302).
	at com.microsoft.sqlserver.jdbc.SQLServerPreparedStatement.executeBatch(SQLServerPreparedStatement.java:2231)
	at MotorTISA$7.doInBackground(MotorTISA.java:625)
	at java.desktop/javax.swing.SwingWorker$1.call(SwingWorker.java:304)
	at java.base/java.util.concurrent.FutureTask.run(FutureTask.java:264)
	at java.desktop/javax.swing.SwingWorker.run(SwingWorker.java:343)
	at java.base/java.util.concurrent.ThreadPoolExecutor.runWorker(ThreadPoolExecutor.java:1128)
	at java.base/java.util.concurrent.ThreadPoolExecutor$Worker.run(ThreadPoolExecutor.java:628)
	at java.base/java.lang.Thread.run(Thread.java:834)

sep 28, 2023 1:08:08 P. M. MotorTISA checkConnection
FINE: conexion realizada
sep 28, 2023 1:08:33 P. M. MotorTISA$7 doInBackground
SEVERE: null
com.microsoft.sqlserver.jdbc.SQLServerException: El nombre de columna id no es válido.
	at com.microsoft.sqlserver.jdbc.SQLServerException.makeFromDriverError(SQLServerException.java:231)
	at com.microsoft.sqlserver.jdbc.SQLServerResultSet.findColumn(SQLServerResultSet.java:748)
	at com.microsoft.sqlserver.jdbc.SQLServerResultSet.getLong(SQLServerResultSet.java:2410)
	at pojos.DescargaCARD.<init>(DescargaCARD.java:76)
	at MotorTISA$7.doInBackground(MotorTISA.java:550)
	at java.desktop/javax.swing.SwingWorker$1.call(SwingWorker.java:304)
	at java.base/java.util.concurrent.FutureTask.run(FutureTask.java:264)
	at java.desktop/javax.swing.SwingWorker.run(SwingWorker.java:343)
	at java.base/java.util.concurrent.ThreadPoolExecutor.runWorker(ThreadPoolExecutor.java:1128)
	at java.base/java.util.concurrent.ThreadPoolExecutor$Worker.run(ThreadPoolExecutor.java:628)
	at java.base/java.lang.Thread.run(Thread.java:834)

sep 28, 2023 1:15:30 P. M. MotorTISA checkConnection
FINE: conexion realizada
sep 28, 2023 1:16:59 P. M. MotorTISA checkConnection
FINE: conexion realizada
sep 28, 2023 1:17:39 P. M. MotorTISA checkConnection
FINE: conexion realizada
sep 28, 2023 1:17:56 P. M. MotorTISA$7 doInBackground
SEVERE: null
java.sql.BatchUpdateException: Infracción de la restricción PRIMARY KEY 'PK_tblDescargasPagaBus'. No se puede insertar una clave duplicada en el objeto 'avl.tblDescargasPagaBus'. El valor de la clave duplicada es (125794029).
	at com.microsoft.sqlserver.jdbc.SQLServerPreparedStatement.executeBatch(SQLServerPreparedStatement.java:2231)
	at MotorTISA$7.doInBackground(MotorTISA.java:625)
	at java.desktop/javax.swing.SwingWorker$1.call(SwingWorker.java:304)
	at java.base/java.util.concurrent.FutureTask.run(FutureTask.java:264)
	at java.desktop/javax.swing.SwingWorker.run(SwingWorker.java:343)
	at java.base/java.util.concurrent.ThreadPoolExecutor.runWorker(ThreadPoolExecutor.java:1128)
	at java.base/java.util.concurrent.ThreadPoolExecutor$Worker.run(ThreadPoolExecutor.java:628)
	at java.base/java.lang.Thread.run(Thread.java:834)

sep 28, 2023 1:47:45 P. M. MotorTISA checkConnection
FINE: conexion realizada
sep 28, 2023 1:49:28 P. M. MotorTISA checkConnection
FINE: conexion realizada
sep 28, 2023 2:00:54 P. M. MotorTISA checkConnection
FINE: conexion realizada
sep 28, 2023 2:03:47 P. M. MotorTISA checkConnection
FINE: conexion realizada
sep 28, 2023 2:03:56 P. M. MotorTISA$5 doInBackground
SEVERE: null
com.microsoft.sqlserver.jdbc.SQLServerException: El proveedor OLE DB 'MSDASQL' del servidor vinculado 'DB_SFINX_FIMPE' informó de un error. El proveedor no proporcionó información acerca del error.
	at com.microsoft.sqlserver.jdbc.SQLServerException.makeFromDatabaseError(SQLServerException.java:259)
	at com.microsoft.sqlserver.jdbc.SQLServerStatement.getNextResult(SQLServerStatement.java:1695)
	at com.microsoft.sqlserver.jdbc.SQLServerPreparedStatement.doExecutePreparedStatement(SQLServerPreparedStatement.java:648)
	at com.microsoft.sqlserver.jdbc.SQLServerPreparedStatement$PrepStmtExecCmd.doExecute(SQLServerPreparedStatement.java:567)
	at com.microsoft.sqlserver.jdbc.TDSCommand.execute(IOBuffer.java:7675)
	at com.microsoft.sqlserver.jdbc.SQLServerConnection.executeCommand(SQLServerConnection.java:4137)
	at com.microsoft.sqlserver.jdbc.SQLServerStatement.executeCommand(SQLServerStatement.java:272)
	at com.microsoft.sqlserver.jdbc.SQLServerStatement.executeStatement(SQLServerStatement.java:246)
	at com.microsoft.sqlserver.jdbc.SQLServerPreparedStatement.execute(SQLServerPreparedStatement.java:544)
	at controller.ConsultasSQL.getSFINXRegCount(ConsultasSQL.java:41)
	at MotorTISA$5.doInBackground(MotorTISA.java:233)
	at java.desktop/javax.swing.SwingWorker$1.call(SwingWorker.java:304)
	at java.base/java.util.concurrent.FutureTask.run(FutureTask.java:264)
	at java.desktop/javax.swing.SwingWorker.run(SwingWorker.java:343)
	at java.base/java.util.concurrent.ThreadPoolExecutor.runWorker(ThreadPoolExecutor.java:1128)
	at java.base/java.util.concurrent.ThreadPoolExecutor$Worker.run(ThreadPoolExecutor.java:628)
	at java.base/java.lang.Thread.run(Thread.java:834)

sep 28, 2023 2:06:12 P. M. MotorTISA checkConnection
FINE: conexion realizada
sep 28, 2023 2:10:05 P. M. MotorTISA checkConnection
FINE: conexion realizada
sep 28, 2023 2:19:30 P. M. MotorTISA checkConnection
FINE: conexion realizada
sep 28, 2023 2:26:21 P. M. MotorTISA checkConnection
FINE: conexion realizada
sep 28, 2023 2:30:16 P. M. MotorTISA checkConnection
FINE: conexion realizada
sep 28, 2023 2:33:09 P. M. MotorTISA checkConnection
FINE: conexion realizada
sep 28, 2023 3:04:56 P. M. MotorTISA checkConnection
FINE: conexion realizada
sep 28, 2023 3:06:41 P. M. MotorTISA checkConnection
FINE: conexion realizada
sep 28, 2023 3:08:12 P. M. MotorTISA checkConnection
FINE: conexion realizada
sep 28, 2023 3:12:21 P. M. MotorTISA checkConnection
FINE: conexion realizada
sep 28, 2023 4:19:54 P. M. MotorTISA checkConnection
FINE: conexion realizada
sep 28, 2023 4:25:02 P. M. MotorTISA checkConnection
FINE: conexion realizada
sep 28, 2023 4:25:07 P. M. MotorTISA$7 doInBackground
SEVERE: null
com.microsoft.sqlserver.jdbc.SQLServerException: La subconsulta ha devuelto más de un valor, lo que no es correcto cuando va a continuación de =, !=, <, <=, >, >= o cuando se utiliza como expresión.
	at com.microsoft.sqlserver.jdbc.SQLServerException.makeFromDatabaseError(SQLServerException.java:259)
	at com.microsoft.sqlserver.jdbc.SQLServerStatement.getNextResult(SQLServerStatement.java:1695)
	at com.microsoft.sqlserver.jdbc.SQLServerPreparedStatement.doExecutePreparedStatement(SQLServerPreparedStatement.java:648)
	at com.microsoft.sqlserver.jdbc.SQLServerPreparedStatement$PrepStmtExecCmd.doExecute(SQLServerPreparedStatement.java:567)
	at com.microsoft.sqlserver.jdbc.TDSCommand.execute(IOBuffer.java:7675)
	at com.microsoft.sqlserver.jdbc.SQLServerConnection.executeCommand(SQLServerConnection.java:4137)
	at com.microsoft.sqlserver.jdbc.SQLServerStatement.executeCommand(SQLServerStatement.java:272)
	at com.microsoft.sqlserver.jdbc.SQLServerStatement.executeStatement(SQLServerStatement.java:246)
	at com.microsoft.sqlserver.jdbc.SQLServerPreparedStatement.execute(SQLServerPreparedStatement.java:544)
	at controller.ConsultasSQL.executeSP(ConsultasSQL.java:76)
	at MotorTISA$7.doInBackground(MotorTISA.java:480)
	at java.desktop/javax.swing.SwingWorker$1.call(SwingWorker.java:304)
	at java.base/java.util.concurrent.FutureTask.run(FutureTask.java:264)
	at java.desktop/javax.swing.SwingWorker.run(SwingWorker.java:343)
	at java.base/java.util.concurrent.ThreadPoolExecutor.runWorker(ThreadPoolExecutor.java:1128)
	at java.base/java.util.concurrent.ThreadPoolExecutor$Worker.run(ThreadPoolExecutor.java:628)
	at java.base/java.lang.Thread.run(Thread.java:834)

sep 28, 2023 4:26:12 P. M. MotorTISA checkConnection
FINE: conexion realizada
sep 28, 2023 4:26:48 P. M. MotorTISA checkConnection
FINE: conexion realizada
sep 28, 2023 4:27:36 P. M. MotorTISA checkConnection
FINE: conexion realizada
sep 28, 2023 5:35:48 P. M. MotorTISA checkConnection
FINE: conexion realizada
sep 28, 2023 5:36:48 P. M. MotorTISA checkConnection
FINE: conexion realizada
sep 28, 2023 5:36:50 P. M. MotorTISA$7 doInBackground
SEVERE: null
com.microsoft.sqlserver.jdbc.SQLServerException: El nombre de columna 'id2' no es válido.
	at com.microsoft.sqlserver.jdbc.SQLServerException.makeFromDatabaseError(SQLServerException.java:259)
	at com.microsoft.sqlserver.jdbc.SQLServerStatement.getNextResult(SQLServerStatement.java:1695)
	at com.microsoft.sqlserver.jdbc.SQLServerPreparedStatement.doExecutePreparedStatement(SQLServerPreparedStatement.java:648)
	at com.microsoft.sqlserver.jdbc.SQLServerPreparedStatement$PrepStmtExecCmd.doExecute(SQLServerPreparedStatement.java:567)
	at com.microsoft.sqlserver.jdbc.TDSCommand.execute(IOBuffer.java:7675)
	at com.microsoft.sqlserver.jdbc.SQLServerConnection.executeCommand(SQLServerConnection.java:4137)
	at com.microsoft.sqlserver.jdbc.SQLServerStatement.executeCommand(SQLServerStatement.java:272)
	at com.microsoft.sqlserver.jdbc.SQLServerStatement.executeStatement(SQLServerStatement.java:246)
	at com.microsoft.sqlserver.jdbc.SQLServerPreparedStatement.execute(SQLServerPreparedStatement.java:544)
	at controller.ConsultasSQL.executeSP(ConsultasSQL.java:77)
	at MotorTISA$7.doInBackground(MotorTISA.java:480)
	at java.desktop/javax.swing.SwingWorker$1.call(SwingWorker.java:304)
	at java.base/java.util.concurrent.FutureTask.run(FutureTask.java:264)
	at java.desktop/javax.swing.SwingWorker.run(SwingWorker.java:343)
	at java.base/java.util.concurrent.ThreadPoolExecutor.runWorker(ThreadPoolExecutor.java:1128)
	at java.base/java.util.concurrent.ThreadPoolExecutor$Worker.run(ThreadPoolExecutor.java:628)
	at java.base/java.lang.Thread.run(Thread.java:834)

sep 28, 2023 5:36:50 P. M. MotorTISA$7 doInBackground
SEVERE: null
com.microsoft.sqlserver.jdbc.SQLServerException: No se puede insertar el valor NULL en la columna 'id_primero', tabla 'DBINTERMEDIA.dbo.ultimo_rango_avl_id'. La columna no admite valores NULL. Error de INSERT.
	at com.microsoft.sqlserver.jdbc.SQLServerException.makeFromDatabaseError(SQLServerException.java:259)
	at com.microsoft.sqlserver.jdbc.SQLServerStatement.getNextResult(SQLServerStatement.java:1695)
	at com.microsoft.sqlserver.jdbc.SQLServerPreparedStatement.doExecutePreparedStatement(SQLServerPreparedStatement.java:648)
	at com.microsoft.sqlserver.jdbc.SQLServerPreparedStatement$PrepStmtExecCmd.doExecute(SQLServerPreparedStatement.java:567)
	at com.microsoft.sqlserver.jdbc.TDSCommand.execute(IOBuffer.java:7675)
	at com.microsoft.sqlserver.jdbc.SQLServerConnection.executeCommand(SQLServerConnection.java:4137)
	at com.microsoft.sqlserver.jdbc.SQLServerStatement.executeCommand(SQLServerStatement.java:272)
	at com.microsoft.sqlserver.jdbc.SQLServerStatement.executeStatement(SQLServerStatement.java:246)
	at com.microsoft.sqlserver.jdbc.SQLServerPreparedStatement.execute(SQLServerPreparedStatement.java:544)
	at controller.ConsultasSQL.executeSP(ConsultasSQL.java:77)
	at controller.ConsultasSQL.insertarRangoUltimosIDs(ConsultasSQL.java:88)
	at MotorTISA$7.doInBackground(MotorTISA.java:627)
	at java.desktop/javax.swing.SwingWorker$1.call(SwingWorker.java:304)
	at java.base/java.util.concurrent.FutureTask.run(FutureTask.java:264)
	at java.desktop/javax.swing.SwingWorker.run(SwingWorker.java:343)
	at java.base/java.util.concurrent.ThreadPoolExecutor.runWorker(ThreadPoolExecutor.java:1128)
	at java.base/java.util.concurrent.ThreadPoolExecutor$Worker.run(ThreadPoolExecutor.java:628)
	at java.base/java.lang.Thread.run(Thread.java:834)

sep 28, 2023 5:40:46 P. M. MotorTISA checkConnection
FINE: conexion realizada
sep 28, 2023 5:40:48 P. M. MotorTISA$7 doInBackground
SEVERE: null
com.microsoft.sqlserver.jdbc.SQLServerException: El nombre de columna 'id2' no es válido.
	at com.microsoft.sqlserver.jdbc.SQLServerException.makeFromDatabaseError(SQLServerException.java:259)
	at com.microsoft.sqlserver.jdbc.SQLServerStatement.getNextResult(SQLServerStatement.java:1695)
	at com.microsoft.sqlserver.jdbc.SQLServerPreparedStatement.doExecutePreparedStatement(SQLServerPreparedStatement.java:648)
	at com.microsoft.sqlserver.jdbc.SQLServerPreparedStatement$PrepStmtExecCmd.doExecute(SQLServerPreparedStatement.java:567)
	at com.microsoft.sqlserver.jdbc.TDSCommand.execute(IOBuffer.java:7675)
	at com.microsoft.sqlserver.jdbc.SQLServerConnection.executeCommand(SQLServerConnection.java:4137)
	at com.microsoft.sqlserver.jdbc.SQLServerStatement.executeCommand(SQLServerStatement.java:272)
	at com.microsoft.sqlserver.jdbc.SQLServerStatement.executeStatement(SQLServerStatement.java:246)
	at com.microsoft.sqlserver.jdbc.SQLServerPreparedStatement.execute(SQLServerPreparedStatement.java:544)
	at controller.ConsultasSQL.executeSP(ConsultasSQL.java:77)
	at MotorTISA$7.doInBackground(MotorTISA.java:480)
	at java.desktop/javax.swing.SwingWorker$1.call(SwingWorker.java:304)
	at java.base/java.util.concurrent.FutureTask.run(FutureTask.java:264)
	at java.desktop/javax.swing.SwingWorker.run(SwingWorker.java:343)
	at java.base/java.util.concurrent.ThreadPoolExecutor.runWorker(ThreadPoolExecutor.java:1128)
	at java.base/java.util.concurrent.ThreadPoolExecutor$Worker.run(ThreadPoolExecutor.java:628)
	at java.base/java.lang.Thread.run(Thread.java:834)

sep 28, 2023 5:40:48 P. M. MotorTISA$7 doInBackground
SEVERE: null
com.microsoft.sqlserver.jdbc.SQLServerException: No se puede insertar el valor NULL en la columna 'id_primero', tabla 'DBINTERMEDIA.dbo.ultimo_rango_avl_id'. La columna no admite valores NULL. Error de INSERT.
	at com.microsoft.sqlserver.jdbc.SQLServerException.makeFromDatabaseError(SQLServerException.java:259)
	at com.microsoft.sqlserver.jdbc.SQLServerStatement.getNextResult(SQLServerStatement.java:1695)
	at com.microsoft.sqlserver.jdbc.SQLServerPreparedStatement.doExecutePreparedStatement(SQLServerPreparedStatement.java:648)
	at com.microsoft.sqlserver.jdbc.SQLServerPreparedStatement$PrepStmtExecCmd.doExecute(SQLServerPreparedStatement.java:567)
	at com.microsoft.sqlserver.jdbc.TDSCommand.execute(IOBuffer.java:7675)
	at com.microsoft.sqlserver.jdbc.SQLServerConnection.executeCommand(SQLServerConnection.java:4137)
	at com.microsoft.sqlserver.jdbc.SQLServerStatement.executeCommand(SQLServerStatement.java:272)
	at com.microsoft.sqlserver.jdbc.SQLServerStatement.executeStatement(SQLServerStatement.java:246)
	at com.microsoft.sqlserver.jdbc.SQLServerPreparedStatement.execute(SQLServerPreparedStatement.java:544)
	at controller.ConsultasSQL.executeSP(ConsultasSQL.java:77)
	at controller.ConsultasSQL.insertarRangoUltimosIDs(ConsultasSQL.java:88)
	at MotorTISA$7.doInBackground(MotorTISA.java:628)
	at java.desktop/javax.swing.SwingWorker$1.call(SwingWorker.java:304)
	at java.base/java.util.concurrent.FutureTask.run(FutureTask.java:264)
	at java.desktop/javax.swing.SwingWorker.run(SwingWorker.java:343)
	at java.base/java.util.concurrent.ThreadPoolExecutor.runWorker(ThreadPoolExecutor.java:1128)
	at java.base/java.util.concurrent.ThreadPoolExecutor$Worker.run(ThreadPoolExecutor.java:628)
	at java.base/java.lang.Thread.run(Thread.java:834)

sep 28, 2023 5:44:06 P. M. MotorTISA checkConnection
FINE: conexion realizada
sep 28, 2023 5:44:08 P. M. MotorTISA$7 doInBackground
SEVERE: null
com.microsoft.sqlserver.jdbc.SQLServerException: El nombre de columna 'id2' no es válido.
	at com.microsoft.sqlserver.jdbc.SQLServerException.makeFromDatabaseError(SQLServerException.java:259)
	at com.microsoft.sqlserver.jdbc.SQLServerStatement.getNextResult(SQLServerStatement.java:1695)
	at com.microsoft.sqlserver.jdbc.SQLServerPreparedStatement.doExecutePreparedStatement(SQLServerPreparedStatement.java:648)
	at com.microsoft.sqlserver.jdbc.SQLServerPreparedStatement$PrepStmtExecCmd.doExecute(SQLServerPreparedStatement.java:567)
	at com.microsoft.sqlserver.jdbc.TDSCommand.execute(IOBuffer.java:7675)
	at com.microsoft.sqlserver.jdbc.SQLServerConnection.executeCommand(SQLServerConnection.java:4137)
	at com.microsoft.sqlserver.jdbc.SQLServerStatement.executeCommand(SQLServerStatement.java:272)
	at com.microsoft.sqlserver.jdbc.SQLServerStatement.executeStatement(SQLServerStatement.java:246)
	at com.microsoft.sqlserver.jdbc.SQLServerPreparedStatement.execute(SQLServerPreparedStatement.java:544)
	at controller.ConsultasSQL.executeSP(ConsultasSQL.java:77)
	at MotorTISA$7.doInBackground(MotorTISA.java:480)
	at java.desktop/javax.swing.SwingWorker$1.call(SwingWorker.java:304)
	at java.base/java.util.concurrent.FutureTask.run(FutureTask.java:264)
	at java.desktop/javax.swing.SwingWorker.run(SwingWorker.java:343)
	at java.base/java.util.concurrent.ThreadPoolExecutor.runWorker(ThreadPoolExecutor.java:1128)
	at java.base/java.util.concurrent.ThreadPoolExecutor$Worker.run(ThreadPoolExecutor.java:628)
	at java.base/java.lang.Thread.run(Thread.java:834)

sep 28, 2023 5:44:50 P. M. MotorTISA$7 doInBackground
SEVERE: null
com.microsoft.sqlserver.jdbc.SQLServerException: No se puede insertar el valor NULL en la columna 'id_primero', tabla 'DBINTERMEDIA.dbo.ultimo_rango_avl_id'. La columna no admite valores NULL. Error de INSERT.
	at com.microsoft.sqlserver.jdbc.SQLServerException.makeFromDatabaseError(SQLServerException.java:259)
	at com.microsoft.sqlserver.jdbc.SQLServerStatement.getNextResult(SQLServerStatement.java:1695)
	at com.microsoft.sqlserver.jdbc.SQLServerPreparedStatement.doExecutePreparedStatement(SQLServerPreparedStatement.java:648)
	at com.microsoft.sqlserver.jdbc.SQLServerPreparedStatement$PrepStmtExecCmd.doExecute(SQLServerPreparedStatement.java:567)
	at com.microsoft.sqlserver.jdbc.TDSCommand.execute(IOBuffer.java:7675)
	at com.microsoft.sqlserver.jdbc.SQLServerConnection.executeCommand(SQLServerConnection.java:4137)
	at com.microsoft.sqlserver.jdbc.SQLServerStatement.executeCommand(SQLServerStatement.java:272)
	at com.microsoft.sqlserver.jdbc.SQLServerStatement.executeStatement(SQLServerStatement.java:246)
	at com.microsoft.sqlserver.jdbc.SQLServerPreparedStatement.execute(SQLServerPreparedStatement.java:544)
	at controller.ConsultasSQL.executeSP(ConsultasSQL.java:77)
	at controller.ConsultasSQL.insertarRangoUltimosIDs(ConsultasSQL.java:88)
	at MotorTISA$7.doInBackground(MotorTISA.java:628)
	at java.desktop/javax.swing.SwingWorker$1.call(SwingWorker.java:304)
	at java.base/java.util.concurrent.FutureTask.run(FutureTask.java:264)
	at java.desktop/javax.swing.SwingWorker.run(SwingWorker.java:343)
	at java.base/java.util.concurrent.ThreadPoolExecutor.runWorker(ThreadPoolExecutor.java:1128)
	at java.base/java.util.concurrent.ThreadPoolExecutor$Worker.run(ThreadPoolExecutor.java:628)
	at java.base/java.lang.Thread.run(Thread.java:834)

sep 28, 2023 5:56:09 P. M. MotorTISA checkConnection
FINE: conexion realizada
sep 28, 2023 5:57:01 P. M. MotorTISA checkConnection
FINE: conexion realizada
sep 28, 2023 6:00:07 P. M. MotorTISA checkConnection
FINE: conexion realizada
sep 28, 2023 6:01:10 P. M. MotorTISA checkConnection
FINE: conexion realizada
sep 28, 2023 6:17:47 P. M. MotorTISA checkConnection
FINE: conexion realizada
sep 28, 2023 7:06:47 P. M. MotorTISA checkConnection
FINE: conexion realizada
sep 28, 2023 7:09:22 P. M. MotorTISA checkConnection
FINE: conexion realizada
sep 28, 2023 7:18:41 P. M. MotorTISA checkConnection
FINE: conexion realizada
sep 28, 2023 7:18:52 P. M. MotorTISA$7 doInBackground
SEVERE: null
com.microsoft.sqlserver.jdbc.SQLServerException: La subconsulta ha devuelto más de un valor, lo que no es correcto cuando va a continuación de =, !=, <, <=, >, >= o cuando se utiliza como expresión.
	at com.microsoft.sqlserver.jdbc.SQLServerException.makeFromDatabaseError(SQLServerException.java:259)
	at com.microsoft.sqlserver.jdbc.SQLServerResultSet$FetchBuffer.nextRow(SQLServerResultSet.java:5562)
	at com.microsoft.sqlserver.jdbc.SQLServerResultSet.fetchBufferNext(SQLServerResultSet.java:1821)
	at com.microsoft.sqlserver.jdbc.SQLServerResultSet.next(SQLServerResultSet.java:1079)
	at MotorTISA$7.doInBackground(MotorTISA.java:505)
	at java.desktop/javax.swing.SwingWorker$1.call(SwingWorker.java:304)
	at java.base/java.util.concurrent.FutureTask.run(FutureTask.java:264)
	at java.desktop/javax.swing.SwingWorker.run(SwingWorker.java:343)
	at java.base/java.util.concurrent.ThreadPoolExecutor.runWorker(ThreadPoolExecutor.java:1128)
	at java.base/java.util.concurrent.ThreadPoolExecutor$Worker.run(ThreadPoolExecutor.java:628)
	at java.base/java.lang.Thread.run(Thread.java:834)

sep 28, 2023 7:25:07 P. M. MotorTISA checkConnection
FINE: conexion realizada
