oct 11, 2023 11:12:45 A. M. forms.MotorTISA checkConnection
FINE: conexion realizada
oct 11, 2023 11:14:11 A. M. forms.MotorTISA checkConnection
FINE: conexion realizada
oct 11, 2023 11:16:05 A. M. forms.MotorTISA checkConnection
FINE: conexion realizada
oct 11, 2023 11:17:14 A. M. forms.MotorTISA checkConnection
FINE: conexion realizada
oct 11, 2023 11:17:54 A. M. forms.MotorTISA checkConnection
FINE: conexion realizada
oct 11, 2023 11:18:43 A. M. forms.MotorTISA checkConnection
FINE: conexion realizada
oct 11, 2023 11:26:46 A. M. forms.MotorTISA checkConnection
FINE: conexion realizada
oct 11, 2023 11:29:54 A. M. forms.MotorTISA checkConnection
FINE: conexion realizada
oct 11, 2023 11:53:01 A. M. forms.MotorTISA checkConnection
FINE: conexion realizada
oct 11, 2023 11:53:47 A. M. forms.MotorTISA checkConnection
FINE: conexion realizada
oct 11, 2023 11:58:56 A. M. forms.MotorTISA checkConnection
FINE: conexion realizada
oct 11, 2023 12:05:23 P. M. forms.MotorTISA checkConnection
FINE: conexion realizada
oct 11, 2023 12:08:02 P. M. forms.MotorTISA checkConnection
FINE: conexion realizada
oct 11, 2023 12:08:46 P. M. forms.MotorTISA checkConnection
FINE: conexion realizada
oct 11, 2023 12:12:21 P. M. forms.MotorTISA checkConnection
FINE: conexion realizada
oct 11, 2023 12:24:03 P. M. forms.MotorTISA checkConnection
FINE: conexion realizada
oct 11, 2023 12:25:43 P. M. forms.MotorTISA checkConnection
FINE: conexion realizada
oct 11, 2023 12:28:47 P. M. forms.MotorTISA checkConnection
FINE: conexion realizada
oct 11, 2023 12:52:31 P. M. forms.MotorTISA checkConnection
FINE: conexion realizada
oct 11, 2023 1:04:15 P. M. forms.MotorTISA checkConnection
FINE: conexion realizada
oct 11, 2023 1:05:57 P. M. forms.MotorTISA checkConnection
FINE: conexion realizada
oct 11, 2023 1:18:29 P. M. forms.MotorTISA checkConnection
FINE: conexion realizada
oct 11, 2023 1:21:18 P. M. forms.MotorTISA checkConnection
FINE: conexion realizada
oct 11, 2023 1:26:48 P. M. forms.MotorTISA checkConnection
FINE: conexion realizada
oct 11, 2023 1:57:09 P. M. forms.MotorTISA checkConnection
FINE: conexion realizada
oct 11, 2023 1:59:57 P. M. forms.MotorTISA checkConnection
FINE: conexion realizada
oct 11, 2023 2:01:43 P. M. forms.MotorTISA checkConnection
FINE: conexion realizada
oct 11, 2023 2:02:22 P. M. forms.MotorTISA checkConnection
FINE: conexion realizada
oct 11, 2023 2:14:51 P. M. forms.MotorTISA checkConnection
FINE: conexion realizada
oct 11, 2023 2:18:25 P. M. forms.MotorTISA checkConnection
FINE: conexion realizada
oct 11, 2023 3:27:00 P. M. forms.MotorTISA checkConnection
FINE: conexion realizada
oct 11, 2023 3:36:53 P. M. forms.LogViewer jButton1ActionPerformed
SEVERE: null
java.lang.NullPointerException
	at forms.LogViewer.jButton1ActionPerformed(LogViewer.java:130)
	at forms.LogViewer$2.actionPerformed(LogViewer.java:90)
	at java.desktop/javax.swing.AbstractButton.fireActionPerformed(AbstractButton.java:1967)
	at java.desktop/javax.swing.AbstractButton$Handler.actionPerformed(AbstractButton.java:2308)
	at java.desktop/javax.swing.DefaultButtonModel.fireActionPerformed(DefaultButtonModel.java:405)
	at java.desktop/javax.swing.DefaultButtonModel.setPressed(DefaultButtonModel.java:262)
	at java.desktop/javax.swing.plaf.basic.BasicButtonListener.mouseReleased(BasicButtonListener.java:279)
	at java.desktop/java.awt.Component.processMouseEvent(Component.java:6635)
	at java.desktop/javax.swing.JComponent.processMouseEvent(JComponent.java:3342)
	at java.desktop/java.awt.Component.processEvent(Component.java:6400)
	at java.desktop/java.awt.Container.processEvent(Container.java:2263)
	at java.desktop/java.awt.Component.dispatchEventImpl(Component.java:5011)
	at java.desktop/java.awt.Container.dispatchEventImpl(Container.java:2321)
	at java.desktop/java.awt.Component.dispatchEvent(Component.java:4843)
	at java.desktop/java.awt.LightweightDispatcher.retargetMouseEvent(Container.java:4918)
	at java.desktop/java.awt.LightweightDispatcher.processMouseEvent(Container.java:4547)
	at java.desktop/java.awt.LightweightDispatcher.dispatchEvent(Container.java:4488)
	at java.desktop/java.awt.Container.dispatchEventImpl(Container.java:2307)
	at java.desktop/java.awt.Window.dispatchEventImpl(Window.java:2772)
	at java.desktop/java.awt.Component.dispatchEvent(Component.java:4843)
	at java.desktop/java.awt.EventQueue.dispatchEventImpl(EventQueue.java:772)
	at java.desktop/java.awt.EventQueue$4.run(EventQueue.java:721)
	at java.desktop/java.awt.EventQueue$4.run(EventQueue.java:715)
	at java.base/java.security.AccessController.doPrivileged(Native Method)
	at java.base/java.security.ProtectionDomain$JavaSecurityAccessImpl.doIntersectionPrivilege(ProtectionDomain.java:85)
	at java.base/java.security.ProtectionDomain$JavaSecurityAccessImpl.doIntersectionPrivilege(ProtectionDomain.java:95)
	at java.desktop/java.awt.EventQueue$5.run(EventQueue.java:745)
	at java.desktop/java.awt.EventQueue$5.run(EventQueue.java:743)
	at java.base/java.security.AccessController.doPrivileged(Native Method)
	at java.base/java.security.ProtectionDomain$JavaSecurityAccessImpl.doIntersectionPrivilege(ProtectionDomain.java:85)
	at java.desktop/java.awt.EventQueue.dispatchEvent(EventQueue.java:742)
	at java.desktop/java.awt.EventDispatchThread.pumpOneEventForFilters(EventDispatchThread.java:203)
	at java.desktop/java.awt.EventDispatchThread.pumpEventsForFilter(EventDispatchThread.java:124)
	at java.desktop/java.awt.EventDispatchThread.pumpEventsForHierarchy(EventDispatchThread.java:113)
	at java.desktop/java.awt.EventDispatchThread.pumpEvents(EventDispatchThread.java:109)
	at java.desktop/java.awt.EventDispatchThread.pumpEvents(EventDispatchThread.java:101)
	at java.desktop/java.awt.EventDispatchThread.run(EventDispatchThread.java:90)

oct 11, 2023 4:03:42 P. M. forms.MotorTISA checkConnection
FINE: conexion realizada
oct 11, 2023 4:04:30 P. M. forms.MotorTISA checkConnection
FINE: conexion realizada
oct 11, 2023 5:07:00 P. M. forms.MotorTISA checkConnection
FINE: conexion realizada
