oct 03, 2023 11:26:29 A. M. MotorTISA checkConnection
FINE: conexion realizada
oct 03, 2023 11:27:32 A. M. MotorTISA checkConnection
FINE: conexion realizada
oct 03, 2023 11:30:18 A. M. MotorTISA checkConnection
FINE: conexion realizada
oct 03, 2023 11:30:38 A. M. MotorTISA checkConnection
FINE: conexion realizada
oct 03, 2023 11:33:09 A. M. MotorTISA checkConnection
FINE: conexion realizada
oct 03, 2023 11:33:59 A. M. MotorTISA checkConnection
FINE: conexion realizada
oct 03, 2023 11:37:10 A. M. MotorTISA checkConnection
FINE: conexion realizada
oct 03, 2023 11:38:09 A. M. MotorTISA checkConnection
FINE: conexion realizada
oct 03, 2023 11:41:38 A. M. MotorTISA checkConnection
FINE: conexion realizada
oct 03, 2023 11:45:24 A. M. MotorTISA checkConnection
FINE: conexion realizada
oct 03, 2023 11:45:48 A. M. MotorTISA checkConnection
FINE: conexion realizada
oct 03, 2023 11:53:16 A. M. MotorTISA checkConnection
FINE: conexion realizada
oct 03, 2023 11:57:33 A. M. MotorTISA checkConnection
FINE: conexion realizada
oct 03, 2023 12:09:09 P. M. MotorTISA checkConnection
FINE: conexion realizada
oct 03, 2023 12:09:18 P. M. MotorTISA checkConnection
FINE: conexion realizada
oct 03, 2023 12:10:37 P. M. MotorTISA checkConnection
FINE: conexion realizada
oct 03, 2023 12:37:20 P. M. MotorTISA checkConnection
FINE: conexion realizada
oct 03, 2023 12:42:18 P. M. MotorTISA checkConnection
FINE: conexion realizada
oct 03, 2023 12:44:45 P. M. MotorTISA checkConnection
FINE: conexion realizada
oct 03, 2023 12:47:44 P. M. MotorTISA checkConnection
FINE: conexion realizada
oct 03, 2023 12:48:15 P. M. MotorTISA checkConnection
FINE: conexion realizada
oct 03, 2023 12:58:12 P. M. MotorTISA checkConnection
FINE: conexion realizada
oct 03, 2023 2:09:57 P. M. MotorTISA checkConnection
FINE: conexion realizada
oct 03, 2023 2:10:55 P. M. MotorTISA checkConnection
FINE: conexion realizada
oct 03, 2023 2:11:37 P. M. MotorTISA checkConnection
FINE: conexion realizada
oct 03, 2023 2:12:56 P. M. MotorTISA checkConnection
FINE: conexion realizada
oct 03, 2023 2:14:44 P. M. MotorTISA checkConnection
FINE: conexion realizada
oct 03, 2023 2:45:57 P. M. MotorTISA checkConnection
FINE: conexion realizada
oct 03, 2023 2:46:00 P. M. MotorTISA$8 doInBackground
SEVERE: null
com.microsoft.sqlserver.jdbc.SQLServerException: No se encontró el procedimiento almacenado 'motor.sp_carga_dbintermedia_to_dbfimpetisa'.
	at com.microsoft.sqlserver.jdbc.SQLServerException.makeFromDatabaseError(SQLServerException.java:259)
	at com.microsoft.sqlserver.jdbc.SQLServerStatement.getNextResult(SQLServerStatement.java:1695)
	at com.microsoft.sqlserver.jdbc.SQLServerPreparedStatement.doExecutePreparedStatement(SQLServerPreparedStatement.java:648)
	at com.microsoft.sqlserver.jdbc.SQLServerPreparedStatement$PrepStmtExecCmd.doExecute(SQLServerPreparedStatement.java:567)
	at com.microsoft.sqlserver.jdbc.TDSCommand.execute(IOBuffer.java:7675)
	at com.microsoft.sqlserver.jdbc.SQLServerConnection.executeCommand(SQLServerConnection.java:4137)
	at com.microsoft.sqlserver.jdbc.SQLServerStatement.executeCommand(SQLServerStatement.java:272)
	at com.microsoft.sqlserver.jdbc.SQLServerStatement.executeStatement(SQLServerStatement.java:246)
	at com.microsoft.sqlserver.jdbc.SQLServerPreparedStatement.execute(SQLServerPreparedStatement.java:544)
	at controller.ConsultasSQL.executeSP(ConsultasSQL.java:78)
	at MotorTISA$8.doInBackground(MotorTISA.java:723)
	at java.desktop/javax.swing.SwingWorker$1.call(SwingWorker.java:304)
	at java.base/java.util.concurrent.FutureTask.run(FutureTask.java:264)
	at java.desktop/javax.swing.SwingWorker.run(SwingWorker.java:343)
	at java.base/java.util.concurrent.ThreadPoolExecutor.runWorker(ThreadPoolExecutor.java:1128)
	at java.base/java.util.concurrent.ThreadPoolExecutor$Worker.run(ThreadPoolExecutor.java:628)
	at java.base/java.lang.Thread.run(Thread.java:834)

oct 03, 2023 2:55:09 P. M. MotorTISA checkConnection
FINE: conexion realizada
oct 03, 2023 2:55:12 P. M. MotorTISA$8 doInBackground
SEVERE: null
com.microsoft.sqlserver.jdbc.SQLServerException: No se encuentra la columna 'motor' o la función definida por el usuario o agregado 'motor.fn_carga_avl_to_intermedia_total_count'; o bien, el nombre es ambiguo.
	at com.microsoft.sqlserver.jdbc.SQLServerException.makeFromDatabaseError(SQLServerException.java:259)
	at com.microsoft.sqlserver.jdbc.SQLServerStatement.getNextResult(SQLServerStatement.java:1695)
	at com.microsoft.sqlserver.jdbc.SQLServerPreparedStatement.doExecutePreparedStatement(SQLServerPreparedStatement.java:648)
	at com.microsoft.sqlserver.jdbc.SQLServerPreparedStatement$PrepStmtExecCmd.doExecute(SQLServerPreparedStatement.java:567)
	at com.microsoft.sqlserver.jdbc.TDSCommand.execute(IOBuffer.java:7675)
	at com.microsoft.sqlserver.jdbc.SQLServerConnection.executeCommand(SQLServerConnection.java:4137)
	at com.microsoft.sqlserver.jdbc.SQLServerStatement.executeCommand(SQLServerStatement.java:272)
	at com.microsoft.sqlserver.jdbc.SQLServerStatement.executeStatement(SQLServerStatement.java:246)
	at com.microsoft.sqlserver.jdbc.SQLServerPreparedStatement.execute(SQLServerPreparedStatement.java:544)
	at controller.ConsultasSQL.getAVLRegCount(ConsultasSQL.java:36)
	at controller.Prueba.insertSIGOTODBINTERMEDIA(Prueba.java:55)
	at MotorTISA$8.doInBackground(MotorTISA.java:724)
	at java.desktop/javax.swing.SwingWorker$1.call(SwingWorker.java:304)
	at java.base/java.util.concurrent.FutureTask.run(FutureTask.java:264)
	at java.desktop/javax.swing.SwingWorker.run(SwingWorker.java:343)
	at java.base/java.util.concurrent.ThreadPoolExecutor.runWorker(ThreadPoolExecutor.java:1128)
	at java.base/java.util.concurrent.ThreadPoolExecutor$Worker.run(ThreadPoolExecutor.java:628)
	at java.base/java.lang.Thread.run(Thread.java:834)

oct 03, 2023 3:29:26 P. M. MotorTISA checkConnection
FINE: conexion realizada
oct 03, 2023 3:31:07 P. M. MotorTISA checkConnection
FINE: conexion realizada
oct 03, 2023 3:34:31 P. M. MotorTISA$8 doInBackground
SEVERE: null
com.microsoft.sqlserver.jdbc.SQLServerException: No se encontró el procedimiento almacenado 'motor.sp_carga_dbintermedia_to_dbfimpetisa'.
	at com.microsoft.sqlserver.jdbc.SQLServerException.makeFromDatabaseError(SQLServerException.java:259)
	at com.microsoft.sqlserver.jdbc.SQLServerStatement.getNextResult(SQLServerStatement.java:1695)
	at com.microsoft.sqlserver.jdbc.SQLServerPreparedStatement.doExecutePreparedStatement(SQLServerPreparedStatement.java:648)
	at com.microsoft.sqlserver.jdbc.SQLServerPreparedStatement$PrepStmtExecCmd.doExecute(SQLServerPreparedStatement.java:567)
	at com.microsoft.sqlserver.jdbc.TDSCommand.execute(IOBuffer.java:7675)
	at com.microsoft.sqlserver.jdbc.SQLServerConnection.executeCommand(SQLServerConnection.java:4137)
	at com.microsoft.sqlserver.jdbc.SQLServerStatement.executeCommand(SQLServerStatement.java:272)
	at com.microsoft.sqlserver.jdbc.SQLServerStatement.executeStatement(SQLServerStatement.java:246)
	at com.microsoft.sqlserver.jdbc.SQLServerPreparedStatement.execute(SQLServerPreparedStatement.java:544)
	at controller.ConsultasSQL.executeSP(ConsultasSQL.java:79)
	at MotorTISA$8.doInBackground(MotorTISA.java:725)
	at java.desktop/javax.swing.SwingWorker$1.call(SwingWorker.java:304)
	at java.base/java.util.concurrent.FutureTask.run(FutureTask.java:264)
	at java.desktop/javax.swing.SwingWorker.run(SwingWorker.java:343)
	at java.base/java.util.concurrent.ThreadPoolExecutor.runWorker(ThreadPoolExecutor.java:1128)
	at java.base/java.util.concurrent.ThreadPoolExecutor$Worker.run(ThreadPoolExecutor.java:628)
	at java.base/java.lang.Thread.run(Thread.java:834)

oct 03, 2023 3:38:34 P. M. MotorTISA checkConnection
FINE: conexion realizada
oct 03, 2023 3:40:20 P. M. MotorTISA$8 doInBackground
SEVERE: null
com.microsoft.sqlserver.jdbc.SQLServerException: El nombre de columna dFechaHoraInsert no es válido.
	at com.microsoft.sqlserver.jdbc.SQLServerException.makeFromDriverError(SQLServerException.java:231)
	at com.microsoft.sqlserver.jdbc.SQLServerResultSet.findColumn(SQLServerResultSet.java:748)
	at com.microsoft.sqlserver.jdbc.SQLServerResultSet.getTimestamp(SQLServerResultSet.java:2677)
	at pojos.DescargaTDE.<init>(DescargaTDE.java:78)
	at controller.Prueba.insertSIGOTODBINTERMEDIA(Prueba.java:103)
	at MotorTISA$8.doInBackground(MotorTISA.java:728)
	at java.desktop/javax.swing.SwingWorker$1.call(SwingWorker.java:304)
	at java.base/java.util.concurrent.FutureTask.run(FutureTask.java:264)
	at java.desktop/javax.swing.SwingWorker.run(SwingWorker.java:343)
	at java.base/java.util.concurrent.ThreadPoolExecutor.runWorker(ThreadPoolExecutor.java:1128)
	at java.base/java.util.concurrent.ThreadPoolExecutor$Worker.run(ThreadPoolExecutor.java:628)
	at java.base/java.lang.Thread.run(Thread.java:834)

oct 03, 2023 3:51:11 P. M. MotorTISA checkConnection
FINE: conexion realizada
oct 03, 2023 3:52:31 P. M. MotorTISA$8 doInBackground
SEVERE: null
com.microsoft.sqlserver.jdbc.SQLServerException: No se encontró el procedimiento almacenado 'motor.sp_carga_avl_to_intermedia_rango_ids'.
	at com.microsoft.sqlserver.jdbc.SQLServerException.makeFromDatabaseError(SQLServerException.java:259)
	at com.microsoft.sqlserver.jdbc.SQLServerStatement.getNextResult(SQLServerStatement.java:1695)
	at com.microsoft.sqlserver.jdbc.SQLServerPreparedStatement.doExecutePreparedStatement(SQLServerPreparedStatement.java:648)
	at com.microsoft.sqlserver.jdbc.SQLServerPreparedStatement$PrepStmtExecCmd.doExecute(SQLServerPreparedStatement.java:567)
	at com.microsoft.sqlserver.jdbc.TDSCommand.execute(IOBuffer.java:7675)
	at com.microsoft.sqlserver.jdbc.SQLServerConnection.executeCommand(SQLServerConnection.java:4137)
	at com.microsoft.sqlserver.jdbc.SQLServerStatement.executeCommand(SQLServerStatement.java:272)
	at com.microsoft.sqlserver.jdbc.SQLServerStatement.executeStatement(SQLServerStatement.java:246)
	at com.microsoft.sqlserver.jdbc.SQLServerPreparedStatement.execute(SQLServerPreparedStatement.java:544)
	at controller.ConsultasSQL.executeSP(ConsultasSQL.java:79)
	at controller.ConsultasSQL.insertarRangoUltimosIDs(ConsultasSQL.java:87)
	at controller.Prueba.insertSIGOTODBINTERMEDIA(Prueba.java:216)
	at MotorTISA$8.doInBackground(MotorTISA.java:728)
	at java.desktop/javax.swing.SwingWorker$1.call(SwingWorker.java:304)
	at java.base/java.util.concurrent.FutureTask.run(FutureTask.java:264)
	at java.desktop/javax.swing.SwingWorker.run(SwingWorker.java:343)
	at java.base/java.util.concurrent.ThreadPoolExecutor.runWorker(ThreadPoolExecutor.java:1128)
	at java.base/java.util.concurrent.ThreadPoolExecutor$Worker.run(ThreadPoolExecutor.java:628)
	at java.base/java.lang.Thread.run(Thread.java:834)

oct 03, 2023 3:58:05 P. M. MotorTISA checkConnection
FINE: conexion realizada
oct 03, 2023 3:58:56 P. M. MotorTISA checkConnection
FINE: conexion realizada
oct 03, 2023 4:08:43 P. M. MotorTISA checkConnection
FINE: conexion realizada
oct 03, 2023 4:10:59 P. M. MotorTISA$8 doInBackground
SEVERE: null
com.microsoft.sqlserver.jdbc.SQLServerException: El nombre de columna id no es válido.
	at com.microsoft.sqlserver.jdbc.SQLServerException.makeFromDriverError(SQLServerException.java:231)
	at com.microsoft.sqlserver.jdbc.SQLServerResultSet.findColumn(SQLServerResultSet.java:748)
	at com.microsoft.sqlserver.jdbc.SQLServerResultSet.getLong(SQLServerResultSet.java:2410)
	at pojos.DescargaCARD.<init>(DescargaCARD.java:76)
	at controller.Prueba.insertSIGOTODBINTERMEDIA(Prueba.java:124)
	at MotorTISA$8.doInBackground(MotorTISA.java:732)
	at java.desktop/javax.swing.SwingWorker$1.call(SwingWorker.java:304)
	at java.base/java.util.concurrent.FutureTask.run(FutureTask.java:264)
	at java.desktop/javax.swing.SwingWorker.run(SwingWorker.java:343)
	at java.base/java.util.concurrent.ThreadPoolExecutor.runWorker(ThreadPoolExecutor.java:1128)
	at java.base/java.util.concurrent.ThreadPoolExecutor$Worker.run(ThreadPoolExecutor.java:628)
	at java.base/java.lang.Thread.run(Thread.java:834)

oct 03, 2023 4:19:23 P. M. MotorTISA checkConnection
FINE: conexion realizada
oct 03, 2023 4:21:55 P. M. MotorTISA$8 doInBackground
SEVERE: null
com.microsoft.sqlserver.jdbc.SQLServerException: El nombre de columna dFechaHoraEnvio no es válido.
	at com.microsoft.sqlserver.jdbc.SQLServerException.makeFromDriverError(SQLServerException.java:231)
	at com.microsoft.sqlserver.jdbc.SQLServerResultSet.findColumn(SQLServerResultSet.java:748)
	at com.microsoft.sqlserver.jdbc.SQLServerResultSet.getTimestamp(SQLServerResultSet.java:2677)
	at pojos.DescargaPagaBus.<init>(DescargaPagaBus.java:70)
	at controller.Prueba.insertSIGOTODBINTERMEDIA(Prueba.java:144)
	at MotorTISA$8.doInBackground(MotorTISA.java:732)
	at java.desktop/javax.swing.SwingWorker$1.call(SwingWorker.java:304)
	at java.base/java.util.concurrent.FutureTask.run(FutureTask.java:264)
	at java.desktop/javax.swing.SwingWorker.run(SwingWorker.java:343)
	at java.base/java.util.concurrent.ThreadPoolExecutor.runWorker(ThreadPoolExecutor.java:1128)
	at java.base/java.util.concurrent.ThreadPoolExecutor$Worker.run(ThreadPoolExecutor.java:628)
	at java.base/java.lang.Thread.run(Thread.java:834)

oct 03, 2023 4:30:21 P. M. MotorTISA checkConnection
FINE: conexion realizada
oct 03, 2023 4:42:33 P. M. MotorTISA checkConnection
FINE: conexion realizada
oct 03, 2023 4:47:47 P. M. MotorTISA checkConnection
FINE: conexion realizada
oct 03, 2023 4:52:15 P. M. MotorTISA checkConnection
FINE: conexion realizada
oct 03, 2023 4:59:06 P. M. MotorTISA checkConnection
FINE: conexion realizada
oct 03, 2023 5:04:18 P. M. MotorTISA checkConnection
FINE: conexion realizada
oct 03, 2023 5:06:22 P. M. MotorTISA checkConnection
FINE: conexion realizada
oct 03, 2023 5:06:28 P. M. MotorTISA checkConnection
FINE: conexion realizada
oct 03, 2023 5:09:20 P. M. MotorTISA checkConnection
FINE: conexion realizada
oct 03, 2023 5:09:44 P. M. MotorTISA checkConnection
FINE: conexion realizada
oct 03, 2023 5:10:35 P. M. MotorTISA checkConnection
FINE: conexion realizada
oct 03, 2023 5:17:54 P. M. MotorTISA checkConnection
FINE: conexion realizada
oct 03, 2023 5:19:06 P. M. MotorTISA checkConnection
FINE: conexion realizada
oct 03, 2023 5:22:26 P. M. MotorTISA checkConnection
FINE: conexion realizada
oct 03, 2023 5:23:30 P. M. MotorTISA checkConnection
FINE: conexion realizada
oct 03, 2023 5:27:34 P. M. MotorTISA checkConnection
FINE: conexion realizada
oct 03, 2023 6:15:33 P. M. MotorTISA checkConnection
FINE: conexion realizada
oct 03, 2023 6:51:51 P. M. MotorTISA checkConnection
FINE: conexion realizada
